<?xml version="1.0" encoding="UTF-8"?>
<!-- Generated by org.testng.reporters.JUnitXMLReporter -->
<testsuite ignored="0" hostname="DESKTOP-4KQDL37" failures="1" tests="2" name="MyTestsuite" time="48.964" errors="0" timestamp="2021-06-19T17:23:58 IST">
  <testcase classname="com.theiva.qa.testcases.LoginTest" name="successfulLogin" time="24.994"/>
  <testcase classname="com.theiva.qa.testcases.HomeTests" name="verifyHomepageLogo" time="0.228">
    <failure type="java.lang.AssertionError" message="expected [thangba] but found [thanga]">
      <![CDATA[java.lang.AssertionError: expected [thangba] but found [thanga]
at com.theiva.qa.pages.HomePage.validateUser(HomePage.java:24)
at com.theiva.qa.testcases.HomeTests.verifyHomepageLogo(HomeTests.java:25)
at java.base/java.util.ArrayList.forEach(ArrayList.java:1511)
... Removed 33 stack frames]]>
    </failure>
  </testcase> <!-- verifyHomepageLogo -->
</testsuite> <!-- MyTestsuite -->
